[0.011s] Invoking command in '/root/ros2_ws/src/build/rlr_bringup': CMAKE_PREFIX_PATH=/opt/ros/humble /usr/bin/cmake /root/ros2_ws/src/rlr_bringup -DCMAKE_INSTALL_PREFIX=/root/ros2_ws/src/install/rlr_bringup
[0.098s] -- The C compiler identification is GNU 11.4.0
[0.153s] -- The CXX compiler identification is GNU 11.4.0
[0.160s] -- Detecting C compiler ABI info
[0.213s] -- Detecting C compiler ABI info - done
[0.217s] -- Check for working C compiler: /usr/bin/cc - skipped
[0.218s] -- Detecting C compile features
[0.218s] -- Detecting C compile features - done
[0.220s] -- Detecting CXX compiler ABI info
[0.283s] -- Detecting CXX compiler ABI info - done
[0.289s] -- Check for working CXX compiler: /usr/bin/c++ - skipped
[0.289s] -- Detecting CXX compile features
[0.289s] -- Detecting CXX compile features - done
[0.293s] -- Found ament_cmake: 1.3.11 (/opt/ros/humble/share/ament_cmake/cmake)
[0.409s] -- Found Python3: /usr/bin/python3 (found version "3.10.12") found components: Interpreter 
[0.478s] -- Found rclcpp: 16.0.12 (/opt/ros/humble/share/rclcpp/cmake)
[0.520s] -- Found rosidl_generator_c: 3.1.6 (/opt/ros/humble/share/rosidl_generator_c/cmake)
[0.524s] -- Found rosidl_adapter: 3.1.6 (/opt/ros/humble/share/rosidl_adapter/cmake)
[0.532s] -- Found rosidl_generator_cpp: 3.1.6 (/opt/ros/humble/share/rosidl_generator_cpp/cmake)
[0.543s] -- Using all available rosidl_typesupport_c: rosidl_typesupport_fastrtps_c;rosidl_typesupport_introspection_c
[0.567s] -- Using all available rosidl_typesupport_cpp: rosidl_typesupport_fastrtps_cpp;rosidl_typesupport_introspection_cpp
[0.605s] -- Found rmw_implementation_cmake: 6.1.2 (/opt/ros/humble/share/rmw_implementation_cmake/cmake)
[0.608s] -- Found rmw_fastrtps_cpp: 6.2.7 (/opt/ros/humble/share/rmw_fastrtps_cpp/cmake)
[0.685s] -- Found OpenSSL: /usr/lib/x86_64-linux-gnu/libcrypto.so (found version "3.0.2")  
[0.712s] -- Found FastRTPS: /opt/ros/humble/include  
[0.749s] -- Using RMW implementation 'rmw_fastrtps_cpp' as default
[0.758s] -- Looking for pthread.h
[0.811s] -- Looking for pthread.h - found
[0.811s] -- Performing Test CMAKE_HAVE_LIBC_PTHREAD
[0.864s] -- Performing Test CMAKE_HAVE_LIBC_PTHREAD - Success
[0.865s] -- Found Threads: TRUE  
[0.911s] -- Found ament_lint_auto: 0.12.12 (/opt/ros/humble/share/ament_lint_auto/cmake)
[0.966s] -- Added test 'flake8' to check Python code syntax and style conventions
[0.967s] -- Added test 'lint_cmake' to check CMake code style
[0.967s] -- Added test 'pep257' to check Python code against some of the docstring style conventions in PEP 257
[0.968s] -- Added test 'xmllint' to check XML markup files
[0.970s] -- Configuring done
[0.975s] -- Generating done
[0.977s] -- Build files have been written to: /root/ros2_ws/src/build/rlr_bringup
[0.984s] Invoked command in '/root/ros2_ws/src/build/rlr_bringup' returned '0': CMAKE_PREFIX_PATH=/opt/ros/humble /usr/bin/cmake /root/ros2_ws/src/rlr_bringup -DCMAKE_INSTALL_PREFIX=/root/ros2_ws/src/install/rlr_bringup
[0.984s] Invoking command in '/root/ros2_ws/src/build/rlr_bringup': CMAKE_PREFIX_PATH=/opt/ros/humble /usr/bin/cmake --build /root/ros2_ws/src/build/rlr_bringup -- -j16 -l16
[1.018s] Invoked command in '/root/ros2_ws/src/build/rlr_bringup' returned '0': CMAKE_PREFIX_PATH=/opt/ros/humble /usr/bin/cmake --build /root/ros2_ws/src/build/rlr_bringup -- -j16 -l16
[1.027s] Invoking command in '/root/ros2_ws/src/build/rlr_bringup': CMAKE_PREFIX_PATH=/opt/ros/humble /usr/bin/cmake --install /root/ros2_ws/src/build/rlr_bringup
[1.032s] -- Install configuration: ""
[1.032s] -- Installing: /root/ros2_ws/src/install/rlr_bringup/share/ament_index/resource_index/package_run_dependencies/rlr_bringup
[1.033s] -- Installing: /root/ros2_ws/src/install/rlr_bringup/share/ament_index/resource_index/parent_prefix_path/rlr_bringup
[1.033s] -- Installing: /root/ros2_ws/src/install/rlr_bringup/share/rlr_bringup/environment/ament_prefix_path.sh
[1.033s] -- Installing: /root/ros2_ws/src/install/rlr_bringup/share/rlr_bringup/environment/ament_prefix_path.dsv
[1.033s] -- Installing: /root/ros2_ws/src/install/rlr_bringup/share/rlr_bringup/environment/path.sh
[1.033s] -- Installing: /root/ros2_ws/src/install/rlr_bringup/share/rlr_bringup/environment/path.dsv
[1.033s] -- Installing: /root/ros2_ws/src/install/rlr_bringup/share/rlr_bringup/local_setup.bash
[1.033s] -- Installing: /root/ros2_ws/src/install/rlr_bringup/share/rlr_bringup/local_setup.sh
[1.034s] -- Installing: /root/ros2_ws/src/install/rlr_bringup/share/rlr_bringup/local_setup.zsh
[1.034s] -- Installing: /root/ros2_ws/src/install/rlr_bringup/share/rlr_bringup/local_setup.dsv
[1.034s] -- Installing: /root/ros2_ws/src/install/rlr_bringup/share/rlr_bringup/package.dsv
[1.034s] -- Installing: /root/ros2_ws/src/install/rlr_bringup/share/ament_index/resource_index/packages/rlr_bringup
[1.034s] -- Installing: /root/ros2_ws/src/install/rlr_bringup/share/rlr_bringup/cmake/rlr_bringupConfig.cmake
[1.034s] -- Installing: /root/ros2_ws/src/install/rlr_bringup/share/rlr_bringup/cmake/rlr_bringupConfig-version.cmake
[1.034s] -- Installing: /root/ros2_ws/src/install/rlr_bringup/share/rlr_bringup/package.xml
[1.037s] Invoked command in '/root/ros2_ws/src/build/rlr_bringup' returned '0': CMAKE_PREFIX_PATH=/opt/ros/humble /usr/bin/cmake --install /root/ros2_ws/src/build/rlr_bringup
